<?xml version="1.0" encoding="UTF-8"?>
<testsuite name="baseline.test" tests="2" skipped="0" failures="0" errors="0" timestamp="2021-09-23T02:58:40" hostname="DESKTOP-B5D0G6J" time="0.015">
  <properties/>
  <testcase name="anagramTest()" classname="baseline.test" time="0.014"/>
  <testcase name="if_false()" classname="baseline.test" time="0.0"/>
  <system-out><![CDATA[toad and toda are anagrams.
toad and todo are not anagrams.
]]></system-out>
  <system-err><![CDATA[]]></system-err>
</testsuite>
