<?xml version="1.0" encoding="UTF-8"?>
<testsuite name="baseline.solution33Test" tests="1" skipped="0" failures="0" errors="0" timestamp="2021-09-30T00:08:40" hostname="DESKTOP-B5D0G6J" time="0.013">
  <properties/>
  <testcase name="randomnumber()" classname="baseline.solution33Test" time="0.013"/>
  <system-out><![CDATA[]]></system-out>
  <system-err><![CDATA[]]></system-err>
</testsuite>
