<?xml version="1.0" encoding="UTF-8"?>
<testsuite name="baseline.solution29Test" tests="1" skipped="0" failures="0" errors="0" timestamp="2021-09-26T22:13:30" hostname="DESKTOP-B5D0G6J" time="0.011">
  <properties/>
  <testcase name="calculate()" classname="baseline.solution29Test" time="0.011"/>
  <system-out><![CDATA[]]></system-out>
  <system-err><![CDATA[]]></system-err>
</testsuite>
