<?xml version="1.0" encoding="UTF-8"?>
<testsuite name="baseline.solution37Test" tests="4" skipped="0" failures="0" errors="0" timestamp="2021-10-02T03:09:23" hostname="DESKTOP-B5D0G6J" time="0.014">
  <properties/>
  <testcase name="numbers()" classname="baseline.solution37Test" time="0.01"/>
  <testcase name="letters()" classname="baseline.solution37Test" time="0.0"/>
  <testcase name="special_characters()" classname="baseline.solution37Test" time="0.0"/>
  <testcase name="generate_password()" classname="baseline.solution37Test" time="0.002"/>
  <system-out><![CDATA[Your password is f8#tase5*xw8^j!0
]]></system-out>
  <system-err><![CDATA[]]></system-err>
</testsuite>
