<?xml version="1.0" encoding="UTF-8"?>
<testsuite name="baseline.solution34Test" tests="1" skipped="0" failures="0" errors="0" timestamp="2021-09-30T01:09:23" hostname="DESKTOP-B5D0G6J" time="0.022">
  <properties/>
  <testcase name="remove_name()" classname="baseline.solution34Test" time="0.022"/>
  <system-out><![CDATA[there are 4 employees: 
Jackie Jackson
Chris Jones
Amanda Cullen
Jeremy Goodwin
]]></system-out>
  <system-err><![CDATA[]]></system-err>
</testsuite>
