<?xml version="1.0" encoding="UTF-8"?>
<testsuite name="baseline.PaymentCalculatorTest" tests="1" skipped="0" failures="0" errors="0" timestamp="2021-09-26T00:44:04" hostname="DESKTOP-B5D0G6J" time="0.011">
  <properties/>
  <testcase name="calculate()" classname="baseline.PaymentCalculatorTest" time="0.011"/>
  <system-out><![CDATA[]]></system-out>
  <system-err><![CDATA[]]></system-err>
</testsuite>
